2024-05-16T16:03:06.002+09:00  INFO 22872 --- [restartedMain] com.f2z.gach.GachApplication             : Starting GachApplication using Java 17.0.10 with PID 22872 (/Users/hurray/Desktop/2023년도 자료/학교 수업/2024 프로젝트/gach/build/classes/java/main started by hurray in /Users/hurray/Desktop/2023년도 자료/학교 수업/2024 프로젝트/gach)
2024-05-16T16:03:06.003+09:00 DEBUG 22872 --- [restartedMain] com.f2z.gach.GachApplication             : Running with Spring Boot v3.2.4, Spring v6.1.5
2024-05-16T16:03:06.004+09:00  INFO 22872 --- [restartedMain] com.f2z.gach.GachApplication             : No active profile set, falling back to 1 default profile: "default"
2024-05-16T16:03:06.028+09:00  INFO 22872 --- [restartedMain] .e.DevToolsPropertyDefaultsPostProcessor : Devtools property defaults active! Set 'spring.devtools.add-properties' to 'false' to disable
2024-05-16T16:03:06.028+09:00  INFO 22872 --- [restartedMain] .e.DevToolsPropertyDefaultsPostProcessor : For additional web related logging consider setting the 'logging.level.web' property to 'DEBUG'
2024-05-16T16:03:06.384+09:00  INFO 22872 --- [restartedMain] .s.d.r.c.RepositoryConfigurationDelegate : Bootstrapping Spring Data JPA repositories in DEFAULT mode.
2024-05-16T16:03:06.439+09:00  INFO 22872 --- [restartedMain] .s.d.r.c.RepositoryConfigurationDelegate : Finished Spring Data repository scanning in 51 ms. Found 16 JPA repository interfaces.
2024-05-16T16:03:06.840+09:00  INFO 22872 --- [restartedMain] o.s.b.w.embedded.tomcat.TomcatWebServer  : Tomcat initialized with port 60002 (http)
2024-05-16T16:03:06.845+09:00  INFO 22872 --- [restartedMain] o.apache.catalina.core.StandardService   : Starting service [Tomcat]
2024-05-16T16:03:06.846+09:00  INFO 22872 --- [restartedMain] o.apache.catalina.core.StandardEngine    : Starting Servlet engine: [Apache Tomcat/10.1.19]
2024-05-16T16:03:06.870+09:00  INFO 22872 --- [restartedMain] o.a.c.c.C.[Tomcat].[localhost].[/]       : Initializing Spring embedded WebApplicationContext
2024-05-16T16:03:06.871+09:00  INFO 22872 --- [restartedMain] w.s.c.ServletWebServerApplicationContext : Root WebApplicationContext: initialization completed in 841 ms
2024-05-16T16:03:06.977+09:00  INFO 22872 --- [restartedMain] o.hibernate.jpa.internal.util.LogHelper  : HHH000204: Processing PersistenceUnitInfo [name: default]
2024-05-16T16:03:07.005+09:00  INFO 22872 --- [restartedMain] org.hibernate.Version                    : HHH000412: Hibernate ORM core version 6.4.4.Final
2024-05-16T16:03:07.023+09:00  INFO 22872 --- [restartedMain] o.h.c.internal.RegionFactoryInitiator    : HHH000026: Second-level cache disabled
2024-05-16T16:03:07.074+09:00  INFO 22872 --- [restartedMain] com.zaxxer.hikari.HikariDataSource       : HikariPool-1 - Starting...
2024-05-16T16:03:07.125+09:00  INFO 22872 --- [restartedMain] com.zaxxer.hikari.pool.HikariPool        : HikariPool-1 - Added connection org.mariadb.jdbc.Connection@1066535f
2024-05-16T16:03:07.126+09:00  INFO 22872 --- [restartedMain] com.zaxxer.hikari.HikariDataSource       : HikariPool-1 - Start completed.
2024-05-16T16:03:07.256+09:00  INFO 22872 --- [restartedMain] o.s.o.j.p.SpringPersistenceUnitInfo      : No LoadTimeWeaver setup: ignoring JPA class transformer
2024-05-16T16:03:07.864+09:00  INFO 22872 --- [restartedMain] o.h.e.t.j.p.i.JtaPlatformInitiator       : HHH000489: No JTA platform available (set 'hibernate.transaction.jta.platform' to enable JTA platform integration)
2024-05-16T16:03:07.914+09:00  INFO 22872 --- [restartedMain] j.LocalContainerEntityManagerFactoryBean : Initialized JPA EntityManagerFactory for persistence unit 'default'
2024-05-16T16:03:08.381+09:00  INFO 22872 --- [restartedMain] o.s.d.j.r.query.QueryEnhancerFactory     : Hibernate is in classpath; If applicable, HQL parser will be used.
2024-05-16T16:03:09.099+09:00  WARN 22872 --- [restartedMain] JpaBaseConfiguration$JpaWebConfiguration : spring.jpa.open-in-view is enabled by default. Therefore, database queries may be performed during view rendering. Explicitly configure spring.jpa.open-in-view to disable this warning
2024-05-16T16:03:09.572+09:00  INFO 22872 --- [restartedMain] o.s.b.d.a.OptionalLiveReloadServer       : LiveReload server is running on port 35729
2024-05-16T16:03:09.596+09:00  INFO 22872 --- [restartedMain] o.s.b.w.embedded.tomcat.TomcatWebServer  : Tomcat started on port 60002 (http) with context path ''
2024-05-16T16:03:09.602+09:00  INFO 22872 --- [restartedMain] com.f2z.gach.GachApplication             : Started GachApplication in 3.812 seconds (process running for 4.19)
2024-05-16T16:03:26.827+09:00  INFO 22872 --- [http-nio-60002-exec-1] o.a.c.c.C.[Tomcat].[localhost].[/]       : Initializing Spring DispatcherServlet 'dispatcherServlet'
2024-05-16T16:03:26.827+09:00  INFO 22872 --- [http-nio-60002-exec-1] o.s.web.servlet.DispatcherServlet        : Initializing Servlet 'dispatcherServlet'
2024-05-16T16:03:26.829+09:00  INFO 22872 --- [http-nio-60002-exec-1] o.s.web.servlet.DispatcherServlet        : Completed initialization in 2 ms
2024-05-16T16:03:27.130+09:00  WARN 22872 --- [http-nio-60002-exec-1] actStandardFragmentInsertionTagProcessor : [THYMELEAF][http-nio-60002-exec-1][line/line-manage] Deprecated unwrapped fragment expression "fragment::search" found in template line/line-manage, line 147, col 9. Please use the complete syntax of fragment expressions instead ("~{fragment::search}"). The old, unwrapped syntax for fragment expressions will be removed in future versions of Thymeleaf.
2024-05-16T16:12:50.824+09:00  INFO 22872 --- [SpringApplicationShutdownHook] j.LocalContainerEntityManagerFactoryBean : Closing JPA EntityManagerFactory for persistence unit 'default'
2024-05-16T16:12:50.826+09:00  INFO 22872 --- [SpringApplicationShutdownHook] com.zaxxer.hikari.HikariDataSource       : HikariPool-1 - Shutdown initiated...
2024-05-16T16:12:50.830+09:00  INFO 22872 --- [SpringApplicationShutdownHook] com.zaxxer.hikari.HikariDataSource       : HikariPool-1 - Shutdown completed.
2024-05-16T16:12:52.426+09:00  INFO 23294 --- [restartedMain] com.f2z.gach.GachApplication             : Starting GachApplication using Java 17.0.10 with PID 23294 (/Users/hurray/Desktop/2023년도 자료/학교 수업/2024 프로젝트/gach/build/classes/java/main started by hurray in /Users/hurray/Desktop/2023년도 자료/학교 수업/2024 프로젝트/gach)
2024-05-16T16:12:52.427+09:00 DEBUG 23294 --- [restartedMain] com.f2z.gach.GachApplication             : Running with Spring Boot v3.2.4, Spring v6.1.5
2024-05-16T16:12:52.427+09:00  INFO 23294 --- [restartedMain] com.f2z.gach.GachApplication             : No active profile set, falling back to 1 default profile: "default"
2024-05-16T16:12:52.448+09:00  INFO 23294 --- [restartedMain] .e.DevToolsPropertyDefaultsPostProcessor : Devtools property defaults active! Set 'spring.devtools.add-properties' to 'false' to disable
2024-05-16T16:12:52.448+09:00  INFO 23294 --- [restartedMain] .e.DevToolsPropertyDefaultsPostProcessor : For additional web related logging consider setting the 'logging.level.web' property to 'DEBUG'
2024-05-16T16:12:52.832+09:00  INFO 23294 --- [restartedMain] .s.d.r.c.RepositoryConfigurationDelegate : Bootstrapping Spring Data JPA repositories in DEFAULT mode.
2024-05-16T16:12:52.891+09:00  INFO 23294 --- [restartedMain] .s.d.r.c.RepositoryConfigurationDelegate : Finished Spring Data repository scanning in 54 ms. Found 16 JPA repository interfaces.
2024-05-16T16:12:53.309+09:00  INFO 23294 --- [restartedMain] o.s.b.w.embedded.tomcat.TomcatWebServer  : Tomcat initialized with port 60002 (http)
2024-05-16T16:12:53.314+09:00  INFO 23294 --- [restartedMain] o.apache.catalina.core.StandardService   : Starting service [Tomcat]
2024-05-16T16:12:53.315+09:00  INFO 23294 --- [restartedMain] o.apache.catalina.core.StandardEngine    : Starting Servlet engine: [Apache Tomcat/10.1.19]
2024-05-16T16:12:53.337+09:00  INFO 23294 --- [restartedMain] o.a.c.c.C.[Tomcat].[localhost].[/]       : Initializing Spring embedded WebApplicationContext
2024-05-16T16:12:53.337+09:00  INFO 23294 --- [restartedMain] w.s.c.ServletWebServerApplicationContext : Root WebApplicationContext: initialization completed in 889 ms
2024-05-16T16:12:53.447+09:00  INFO 23294 --- [restartedMain] o.hibernate.jpa.internal.util.LogHelper  : HHH000204: Processing PersistenceUnitInfo [name: default]
2024-05-16T16:12:53.478+09:00  INFO 23294 --- [restartedMain] org.hibernate.Version                    : HHH000412: Hibernate ORM core version 6.4.4.Final
2024-05-16T16:12:53.496+09:00  INFO 23294 --- [restartedMain] o.h.c.internal.RegionFactoryInitiator    : HHH000026: Second-level cache disabled
2024-05-16T16:12:53.549+09:00  INFO 23294 --- [restartedMain] com.zaxxer.hikari.HikariDataSource       : HikariPool-1 - Starting...
2024-05-16T16:12:53.599+09:00  INFO 23294 --- [restartedMain] com.zaxxer.hikari.pool.HikariPool        : HikariPool-1 - Added connection org.mariadb.jdbc.Connection@28fea329
2024-05-16T16:12:53.600+09:00  INFO 23294 --- [restartedMain] com.zaxxer.hikari.HikariDataSource       : HikariPool-1 - Start completed.
2024-05-16T16:12:53.729+09:00  INFO 23294 --- [restartedMain] o.s.o.j.p.SpringPersistenceUnitInfo      : No LoadTimeWeaver setup: ignoring JPA class transformer
2024-05-16T16:12:54.380+09:00  INFO 23294 --- [restartedMain] o.h.e.t.j.p.i.JtaPlatformInitiator       : HHH000489: No JTA platform available (set 'hibernate.transaction.jta.platform' to enable JTA platform integration)
2024-05-16T16:12:54.434+09:00  INFO 23294 --- [restartedMain] j.LocalContainerEntityManagerFactoryBean : Initialized JPA EntityManagerFactory for persistence unit 'default'
2024-05-16T16:12:54.885+09:00  INFO 23294 --- [restartedMain] o.s.d.j.r.query.QueryEnhancerFactory     : Hibernate is in classpath; If applicable, HQL parser will be used.
2024-05-16T16:12:55.663+09:00  WARN 23294 --- [restartedMain] JpaBaseConfiguration$JpaWebConfiguration : spring.jpa.open-in-view is enabled by default. Therefore, database queries may be performed during view rendering. Explicitly configure spring.jpa.open-in-view to disable this warning
2024-05-16T16:12:56.147+09:00  INFO 23294 --- [restartedMain] o.s.b.d.a.OptionalLiveReloadServer       : LiveReload server is running on port 35729
2024-05-16T16:12:56.178+09:00  INFO 23294 --- [restartedMain] o.s.b.w.embedded.tomcat.TomcatWebServer  : Tomcat started on port 60002 (http) with context path ''
2024-05-16T16:12:56.185+09:00  INFO 23294 --- [restartedMain] com.f2z.gach.GachApplication             : Started GachApplication in 3.978 seconds (process running for 4.364)
2024-05-16T16:13:15.332+09:00  INFO 23294 --- [http-nio-60002-exec-1] o.a.c.c.C.[Tomcat].[localhost].[/]       : Initializing Spring DispatcherServlet 'dispatcherServlet'
2024-05-16T16:13:15.332+09:00  INFO 23294 --- [http-nio-60002-exec-1] o.s.web.servlet.DispatcherServlet        : Initializing Servlet 'dispatcherServlet'
2024-05-16T16:13:15.333+09:00  INFO 23294 --- [http-nio-60002-exec-1] o.s.web.servlet.DispatcherServlet        : Completed initialization in 1 ms
2024-05-16T16:13:15.637+09:00  WARN 23294 --- [http-nio-60002-exec-1] actStandardFragmentInsertionTagProcessor : [THYMELEAF][http-nio-60002-exec-1][place/place-manage] Deprecated unwrapped fragment expression "fragment::search" found in template place/place-manage, line 82, col 13. Please use the complete syntax of fragment expressions instead ("~{fragment::search}"). The old, unwrapped syntax for fragment expressions will be removed in future versions of Thymeleaf.
2024-05-16T16:13:17.324+09:00  WARN 23294 --- [http-nio-60002-exec-5] actStandardFragmentInsertionTagProcessor : [THYMELEAF][http-nio-60002-exec-5][place/place-add] Deprecated unwrapped fragment expression "fragment::search" found in template place/place-add, line 173, col 9. Please use the complete syntax of fragment expressions instead ("~{fragment::search}"). The old, unwrapped syntax for fragment expressions will be removed in future versions of Thymeleaf.
2024-05-16T16:13:17.351+09:00  WARN 23294 --- [http-nio-60002-exec-9] actStandardFragmentInsertionTagProcessor : [THYMELEAF][http-nio-60002-exec-9][place/place-add] Deprecated unwrapped fragment expression "fragment::search" found in template place/place-add, line 173, col 9. Please use the complete syntax of fragment expressions instead ("~{fragment::search}"). The old, unwrapped syntax for fragment expressions will be removed in future versions of Thymeleaf.
2024-05-16T16:13:31.012+09:00  INFO 23294 --- [http-nio-60002-exec-10] c.f.g.M.C.AdminPlaceSourceController     : AdminPlaceRequestDTO(place=PlaceSource(placeId=null, placeName=123, placeCategory=BUILDING, placeLatitude=37.45093993255238, placeLongitude=127.12909125024456, placeAltitude=55.23143005371094, placeSummary=123, buildingHeight=null, mainImageName=null, mainImagePath=null, thumbnailImageName=null, thumbnailImagePath=null, arImageName=null, arImagePath=null), buildingFloors=[BuildingFloor(buildingFloorId=null, buildingName=null, buildingFloor=123, buildingFloorInfo=123, placeSource=null)], mainFile=org.springframework.web.multipart.support.StandardMultipartHttpServletRequest$StandardMultipartFile@254cdb9d, thumbnailFile=org.springframework.web.multipart.support.StandardMultipartHttpServletRequest$StandardMultipartFile@1dbd8fde, ARFile=org.springframework.web.multipart.support.StandardMultipartHttpServletRequest$StandardMultipartFile@2c9c1d1b)
2024-05-16T16:13:31.054+09:00  WARN 23294 --- [http-nio-60002-exec-3] actStandardFragmentInsertionTagProcessor : [THYMELEAF][http-nio-60002-exec-3][place/place-manage] Deprecated unwrapped fragment expression "fragment::search" found in template place/place-manage, line 82, col 13. Please use the complete syntax of fragment expressions instead ("~{fragment::search}"). The old, unwrapped syntax for fragment expressions will be removed in future versions of Thymeleaf.
2024-05-16T16:13:33.269+09:00  WARN 23294 --- [http-nio-60002-exec-5] actStandardFragmentInsertionTagProcessor : [THYMELEAF][http-nio-60002-exec-5][place/place-detail] Deprecated unwrapped fragment expression "fragment::search" found in template place/place-detail, line 175, col 9. Please use the complete syntax of fragment expressions instead ("~{fragment::search}"). The old, unwrapped syntax for fragment expressions will be removed in future versions of Thymeleaf.
2024-05-16T16:13:50.551+09:00  WARN 23294 --- [http-nio-60002-exec-3] actStandardFragmentInsertionTagProcessor : [THYMELEAF][http-nio-60002-exec-3][place/place-detail] Deprecated unwrapped fragment expression "fragment::search" found in template place/place-detail, line 175, col 9. Please use the complete syntax of fragment expressions instead ("~{fragment::search}"). The old, unwrapped syntax for fragment expressions will be removed in future versions of Thymeleaf.
2024-05-16T16:14:57.870+09:00  INFO 23294 --- [SpringApplicationShutdownHook] j.LocalContainerEntityManagerFactoryBean : Closing JPA EntityManagerFactory for persistence unit 'default'
2024-05-16T16:14:57.872+09:00  INFO 23294 --- [SpringApplicationShutdownHook] com.zaxxer.hikari.HikariDataSource       : HikariPool-1 - Shutdown initiated...
2024-05-16T16:14:57.876+09:00  INFO 23294 --- [SpringApplicationShutdownHook] com.zaxxer.hikari.HikariDataSource       : HikariPool-1 - Shutdown completed.
2024-05-16T16:15:00.004+09:00  INFO 23409 --- [restartedMain] com.f2z.gach.GachApplication             : Starting GachApplication using Java 17.0.10 with PID 23409 (/Users/hurray/Desktop/2023년도 자료/학교 수업/2024 프로젝트/gach/build/classes/java/main started by hurray in /Users/hurray/Desktop/2023년도 자료/학교 수업/2024 프로젝트/gach)
2024-05-16T16:15:00.005+09:00 DEBUG 23409 --- [restartedMain] com.f2z.gach.GachApplication             : Running with Spring Boot v3.2.4, Spring v6.1.5
2024-05-16T16:15:00.006+09:00  INFO 23409 --- [restartedMain] com.f2z.gach.GachApplication             : No active profile set, falling back to 1 default profile: "default"
2024-05-16T16:15:00.031+09:00  INFO 23409 --- [restartedMain] .e.DevToolsPropertyDefaultsPostProcessor : Devtools property defaults active! Set 'spring.devtools.add-properties' to 'false' to disable
2024-05-16T16:15:00.031+09:00  INFO 23409 --- [restartedMain] .e.DevToolsPropertyDefaultsPostProcessor : For additional web related logging consider setting the 'logging.level.web' property to 'DEBUG'
2024-05-16T16:15:00.441+09:00  INFO 23409 --- [restartedMain] .s.d.r.c.RepositoryConfigurationDelegate : Bootstrapping Spring Data JPA repositories in DEFAULT mode.
2024-05-16T16:15:00.503+09:00  INFO 23409 --- [restartedMain] .s.d.r.c.RepositoryConfigurationDelegate : Finished Spring Data repository scanning in 58 ms. Found 16 JPA repository interfaces.
2024-05-16T16:15:00.930+09:00  INFO 23409 --- [restartedMain] o.s.b.w.embedded.tomcat.TomcatWebServer  : Tomcat initialized with port 60002 (http)
2024-05-16T16:15:00.937+09:00  INFO 23409 --- [restartedMain] o.apache.catalina.core.StandardService   : Starting service [Tomcat]
2024-05-16T16:15:00.937+09:00  INFO 23409 --- [restartedMain] o.apache.catalina.core.StandardEngine    : Starting Servlet engine: [Apache Tomcat/10.1.19]
2024-05-16T16:15:00.963+09:00  INFO 23409 --- [restartedMain] o.a.c.c.C.[Tomcat].[localhost].[/]       : Initializing Spring embedded WebApplicationContext
2024-05-16T16:15:00.964+09:00  INFO 23409 --- [restartedMain] w.s.c.ServletWebServerApplicationContext : Root WebApplicationContext: initialization completed in 933 ms
2024-05-16T16:15:01.076+09:00  INFO 23409 --- [restartedMain] o.hibernate.jpa.internal.util.LogHelper  : HHH000204: Processing PersistenceUnitInfo [name: default]
2024-05-16T16:15:01.109+09:00  INFO 23409 --- [restartedMain] org.hibernate.Version                    : HHH000412: Hibernate ORM core version 6.4.4.Final
2024-05-16T16:15:01.128+09:00  INFO 23409 --- [restartedMain] o.h.c.internal.RegionFactoryInitiator    : HHH000026: Second-level cache disabled
2024-05-16T16:15:01.184+09:00  INFO 23409 --- [restartedMain] com.zaxxer.hikari.HikariDataSource       : HikariPool-1 - Starting...
2024-05-16T16:15:01.234+09:00  INFO 23409 --- [restartedMain] com.zaxxer.hikari.pool.HikariPool        : HikariPool-1 - Added connection org.mariadb.jdbc.Connection@15d67b91
2024-05-16T16:15:01.235+09:00  INFO 23409 --- [restartedMain] com.zaxxer.hikari.HikariDataSource       : HikariPool-1 - Start completed.
2024-05-16T16:15:01.360+09:00  INFO 23409 --- [restartedMain] o.s.o.j.p.SpringPersistenceUnitInfo      : No LoadTimeWeaver setup: ignoring JPA class transformer
2024-05-16T16:15:01.982+09:00  INFO 23409 --- [restartedMain] o.h.e.t.j.p.i.JtaPlatformInitiator       : HHH000489: No JTA platform available (set 'hibernate.transaction.jta.platform' to enable JTA platform integration)
2024-05-16T16:15:02.034+09:00  INFO 23409 --- [restartedMain] j.LocalContainerEntityManagerFactoryBean : Initialized JPA EntityManagerFactory for persistence unit 'default'
2024-05-16T16:15:02.460+09:00  INFO 23409 --- [restartedMain] o.s.d.j.r.query.QueryEnhancerFactory     : Hibernate is in classpath; If applicable, HQL parser will be used.
2024-05-16T16:15:03.138+09:00  WARN 23409 --- [restartedMain] JpaBaseConfiguration$JpaWebConfiguration : spring.jpa.open-in-view is enabled by default. Therefore, database queries may be performed during view rendering. Explicitly configure spring.jpa.open-in-view to disable this warning
2024-05-16T16:15:03.609+09:00  INFO 23409 --- [restartedMain] o.s.b.d.a.OptionalLiveReloadServer       : LiveReload server is running on port 35729
2024-05-16T16:15:03.635+09:00  INFO 23409 --- [restartedMain] o.s.b.w.embedded.tomcat.TomcatWebServer  : Tomcat started on port 60002 (http) with context path ''
2024-05-16T16:15:03.642+09:00  INFO 23409 --- [restartedMain] com.f2z.gach.GachApplication             : Started GachApplication in 3.907 seconds (process running for 4.411)
2024-05-16T16:15:04.073+09:00  INFO 23409 --- [http-nio-60002-exec-1] o.a.c.c.C.[Tomcat].[localhost].[/]       : Initializing Spring DispatcherServlet 'dispatcherServlet'
2024-05-16T16:15:04.073+09:00  INFO 23409 --- [http-nio-60002-exec-1] o.s.web.servlet.DispatcherServlet        : Initializing Servlet 'dispatcherServlet'
2024-05-16T16:15:04.074+09:00  INFO 23409 --- [http-nio-60002-exec-1] o.s.web.servlet.DispatcherServlet        : Completed initialization in 1 ms
2024-05-16T16:15:04.359+09:00  WARN 23409 --- [http-nio-60002-exec-1] actStandardFragmentInsertionTagProcessor : [THYMELEAF][http-nio-60002-exec-1][place/place-manage] Deprecated unwrapped fragment expression "fragment::search" found in template place/place-manage, line 82, col 13. Please use the complete syntax of fragment expressions instead ("~{fragment::search}"). The old, unwrapped syntax for fragment expressions will be removed in future versions of Thymeleaf.
2024-05-16T16:15:07.451+09:00  WARN 23409 --- [http-nio-60002-exec-5] actStandardFragmentInsertionTagProcessor : [THYMELEAF][http-nio-60002-exec-5][place/place-detail] Deprecated unwrapped fragment expression "fragment::search" found in template place/place-detail, line 175, col 9. Please use the complete syntax of fragment expressions instead ("~{fragment::search}"). The old, unwrapped syntax for fragment expressions will be removed in future versions of Thymeleaf.
2024-05-16T16:15:11.586+09:00  INFO 23409 --- [http-nio-60002-exec-9] com.f2z.gach.Map.Entity.PlaceSource      : update placeSource: PlaceSource(placeId=135, placeName=123, placeCategory=BUILDING, placeLatitude=37.45093993255238, placeLongitude=127.12909125024456, placeAltitude=55.23143005371094, placeSummary=, buildingHeight=null, mainImageName=null, mainImagePath=null, thumbnailImageName=null, thumbnailImagePath=null, arImageName=null, arImagePath=null)
2024-05-16T16:15:11.649+09:00  WARN 23409 --- [http-nio-60002-exec-10] actStandardFragmentInsertionTagProcessor : [THYMELEAF][http-nio-60002-exec-10][place/place-manage] Deprecated unwrapped fragment expression "fragment::search" found in template place/place-manage, line 82, col 13. Please use the complete syntax of fragment expressions instead ("~{fragment::search}"). The old, unwrapped syntax for fragment expressions will be removed in future versions of Thymeleaf.
2024-05-16T16:15:26.632+09:00  WARN 23409 --- [http-nio-60002-exec-1] actStandardFragmentInsertionTagProcessor : [THYMELEAF][http-nio-60002-exec-1][place/place-add] Deprecated unwrapped fragment expression "fragment::search" found in template place/place-add, line 173, col 9. Please use the complete syntax of fragment expressions instead ("~{fragment::search}"). The old, unwrapped syntax for fragment expressions will be removed in future versions of Thymeleaf.
2024-05-16T16:15:26.653+09:00  WARN 23409 --- [http-nio-60002-exec-5] actStandardFragmentInsertionTagProcessor : [THYMELEAF][http-nio-60002-exec-5][place/place-add] Deprecated unwrapped fragment expression "fragment::search" found in template place/place-add, line 173, col 9. Please use the complete syntax of fragment expressions instead ("~{fragment::search}"). The old, unwrapped syntax for fragment expressions will be removed in future versions of Thymeleaf.
2024-05-16T16:15:28.520+09:00  INFO 23409 --- [http-nio-60002-exec-9] c.f.g.M.C.AdminPlaceSourceController     : AdminPlaceRequestDTO(place=PlaceSource(placeId=null, placeName=, placeCategory=BUILDING, placeLatitude=null, placeLongitude=null, placeAltitude=null, placeSummary=, buildingHeight=null, mainImageName=null, mainImagePath=null, thumbnailImageName=null, thumbnailImagePath=null, arImageName=null, arImagePath=null), buildingFloors=null, mainFile=org.springframework.web.multipart.support.StandardMultipartHttpServletRequest$StandardMultipartFile@49677b18, thumbnailFile=org.springframework.web.multipart.support.StandardMultipartHttpServletRequest$StandardMultipartFile@699eeb9a, ARFile=org.springframework.web.multipart.support.StandardMultipartHttpServletRequest$StandardMultipartFile@6503625d)
2024-05-16T16:15:28.556+09:00  WARN 23409 --- [http-nio-60002-exec-10] actStandardFragmentInsertionTagProcessor : [THYMELEAF][http-nio-60002-exec-10][place/place-manage] Deprecated unwrapped fragment expression "fragment::search" found in template place/place-manage, line 82, col 13. Please use the complete syntax of fragment expressions instead ("~{fragment::search}"). The old, unwrapped syntax for fragment expressions will be removed in future versions of Thymeleaf.
2024-05-16T16:28:16.717+09:00  INFO 23409 --- [SpringApplicationShutdownHook] j.LocalContainerEntityManagerFactoryBean : Closing JPA EntityManagerFactory for persistence unit 'default'
2024-05-16T16:28:16.720+09:00  INFO 23409 --- [SpringApplicationShutdownHook] com.zaxxer.hikari.HikariDataSource       : HikariPool-1 - Shutdown initiated...
2024-05-16T16:28:16.723+09:00  INFO 23409 --- [SpringApplicationShutdownHook] com.zaxxer.hikari.HikariDataSource       : HikariPool-1 - Shutdown completed.
2024-05-16T16:28:18.585+09:00  INFO 23992 --- [restartedMain] com.f2z.gach.GachApplication             : Starting GachApplication using Java 17.0.10 with PID 23992 (/Users/hurray/Desktop/2023년도 자료/학교 수업/2024 프로젝트/gach/build/classes/java/main started by hurray in /Users/hurray/Desktop/2023년도 자료/학교 수업/2024 프로젝트/gach)
2024-05-16T16:28:18.586+09:00 DEBUG 23992 --- [restartedMain] com.f2z.gach.GachApplication             : Running with Spring Boot v3.2.4, Spring v6.1.5
2024-05-16T16:28:18.586+09:00  INFO 23992 --- [restartedMain] com.f2z.gach.GachApplication             : No active profile set, falling back to 1 default profile: "default"
2024-05-16T16:28:18.607+09:00  INFO 23992 --- [restartedMain] .e.DevToolsPropertyDefaultsPostProcessor : Devtools property defaults active! Set 'spring.devtools.add-properties' to 'false' to disable
2024-05-16T16:28:18.607+09:00  INFO 23992 --- [restartedMain] .e.DevToolsPropertyDefaultsPostProcessor : For additional web related logging consider setting the 'logging.level.web' property to 'DEBUG'
2024-05-16T16:28:18.987+09:00  INFO 23992 --- [restartedMain] .s.d.r.c.RepositoryConfigurationDelegate : Bootstrapping Spring Data JPA repositories in DEFAULT mode.
2024-05-16T16:28:19.047+09:00  INFO 23992 --- [restartedMain] .s.d.r.c.RepositoryConfigurationDelegate : Finished Spring Data repository scanning in 56 ms. Found 16 JPA repository interfaces.
2024-05-16T16:28:19.455+09:00  INFO 23992 --- [restartedMain] o.s.b.w.embedded.tomcat.TomcatWebServer  : Tomcat initialized with port 60002 (http)
2024-05-16T16:28:19.460+09:00  INFO 23992 --- [restartedMain] o.apache.catalina.core.StandardService   : Starting service [Tomcat]
2024-05-16T16:28:19.460+09:00  INFO 23992 --- [restartedMain] o.apache.catalina.core.StandardEngine    : Starting Servlet engine: [Apache Tomcat/10.1.19]
2024-05-16T16:28:19.485+09:00  INFO 23992 --- [restartedMain] o.a.c.c.C.[Tomcat].[localhost].[/]       : Initializing Spring embedded WebApplicationContext
2024-05-16T16:28:19.486+09:00  INFO 23992 --- [restartedMain] w.s.c.ServletWebServerApplicationContext : Root WebApplicationContext: initialization completed in 879 ms
2024-05-16T16:28:19.591+09:00  INFO 23992 --- [restartedMain] o.hibernate.jpa.internal.util.LogHelper  : HHH000204: Processing PersistenceUnitInfo [name: default]
2024-05-16T16:28:19.622+09:00  INFO 23992 --- [restartedMain] org.hibernate.Version                    : HHH000412: Hibernate ORM core version 6.4.4.Final
2024-05-16T16:28:19.639+09:00  INFO 23992 --- [restartedMain] o.h.c.internal.RegionFactoryInitiator    : HHH000026: Second-level cache disabled
2024-05-16T16:28:19.694+09:00  INFO 23992 --- [restartedMain] com.zaxxer.hikari.HikariDataSource       : HikariPool-1 - Starting...
2024-05-16T16:28:19.750+09:00  INFO 23992 --- [restartedMain] com.zaxxer.hikari.pool.HikariPool        : HikariPool-1 - Added connection org.mariadb.jdbc.Connection@f51bb9f
2024-05-16T16:28:19.751+09:00  INFO 23992 --- [restartedMain] com.zaxxer.hikari.HikariDataSource       : HikariPool-1 - Start completed.
2024-05-16T16:28:19.877+09:00  INFO 23992 --- [restartedMain] o.s.o.j.p.SpringPersistenceUnitInfo      : No LoadTimeWeaver setup: ignoring JPA class transformer
2024-05-16T16:28:20.481+09:00  INFO 23992 --- [restartedMain] o.h.e.t.j.p.i.JtaPlatformInitiator       : HHH000489: No JTA platform available (set 'hibernate.transaction.jta.platform' to enable JTA platform integration)
2024-05-16T16:28:20.522+09:00  INFO 23992 --- [restartedMain] j.LocalContainerEntityManagerFactoryBean : Initialized JPA EntityManagerFactory for persistence unit 'default'
2024-05-16T16:28:20.938+09:00  INFO 23992 --- [restartedMain] o.s.d.j.r.query.QueryEnhancerFactory     : Hibernate is in classpath; If applicable, HQL parser will be used.
2024-05-16T16:28:21.589+09:00  WARN 23992 --- [restartedMain] JpaBaseConfiguration$JpaWebConfiguration : spring.jpa.open-in-view is enabled by default. Therefore, database queries may be performed during view rendering. Explicitly configure spring.jpa.open-in-view to disable this warning
2024-05-16T16:28:22.034+09:00  INFO 23992 --- [restartedMain] o.s.b.d.a.OptionalLiveReloadServer       : LiveReload server is running on port 35729
2024-05-16T16:28:22.057+09:00  INFO 23992 --- [restartedMain] o.s.b.w.embedded.tomcat.TomcatWebServer  : Tomcat started on port 60002 (http) with context path ''
2024-05-16T16:28:22.063+09:00  INFO 23992 --- [restartedMain] com.f2z.gach.GachApplication             : Started GachApplication in 3.7 seconds (process running for 4.09)
2024-05-16T16:28:35.195+09:00  INFO 23992 --- [SpringApplicationShutdownHook] j.LocalContainerEntityManagerFactoryBean : Closing JPA EntityManagerFactory for persistence unit 'default'
2024-05-16T16:28:35.197+09:00  INFO 23992 --- [SpringApplicationShutdownHook] com.zaxxer.hikari.HikariDataSource       : HikariPool-1 - Shutdown initiated...
2024-05-16T16:28:35.200+09:00  INFO 23992 --- [SpringApplicationShutdownHook] com.zaxxer.hikari.HikariDataSource       : HikariPool-1 - Shutdown completed.
